  [1m[36m (0.9ms)[0m  [1mSELECT "schema_migrations"."version" FROM "schema_migrations" [0m
Migrating to CreateMovies (20111119180638)
  [1m[35m (0.7ms)[0m  select sqlite_version(*)
  [1m[36m (0.5ms)[0m  [1mSELECT "schema_migrations"."version" FROM "schema_migrations" [0m
  [1m[35m (0.1ms)[0m  PRAGMA index_list("movies")
  [1m[36m (0.5ms)[0m  [1mSELECT "schema_migrations"."version" FROM "schema_migrations" [0m
  [1m[35m (0.5ms)[0m  select sqlite_version(*)
  [1m[36m (57.5ms)[0m  [1mCREATE TABLE "movies" ("id" INTEGER PRIMARY KEY AUTOINCREMENT NOT NULL, "title" varchar(255), "rating" varchar(255), "description" text, "release_date" datetime, "created_at" datetime, "updated_at" datetime) [0m
  [1m[35m (21.0ms)[0m  CREATE TABLE "schema_migrations" ("version" varchar(255) NOT NULL) 
  [1m[36m (0.1ms)[0m  [1mPRAGMA index_list("schema_migrations")[0m
  [1m[35m (24.1ms)[0m  CREATE UNIQUE INDEX "unique_schema_migrations" ON "schema_migrations" ("version")
  [1m[36m (0.7ms)[0m  [1mSELECT version FROM "schema_migrations"[0m
  [1m[35m (21.6ms)[0m  INSERT INTO "schema_migrations" (version) VALUES ('20120130161449')
  [1m[36m (20.1ms)[0m  [1mINSERT INTO "schema_migrations" (version) VALUES ('20111119180638')[0m
  [1m[36m (0.5ms)[0m  [1mSELECT "schema_migrations"."version" FROM "schema_migrations" [0m
  [1m[35m (0.5ms)[0m  select sqlite_version(*)
  [1m[36m (49.1ms)[0m  [1mCREATE TABLE "movies" ("id" INTEGER PRIMARY KEY AUTOINCREMENT NOT NULL, "title" varchar(255), "rating" varchar(255), "description" text, "release_date" datetime, "created_at" datetime, "updated_at" datetime) [0m
  [1m[35m (40.3ms)[0m  CREATE TABLE "schema_migrations" ("version" varchar(255) NOT NULL) 
  [1m[36m (0.1ms)[0m  [1mPRAGMA index_list("schema_migrations")[0m
  [1m[35m (49.6ms)[0m  CREATE UNIQUE INDEX "unique_schema_migrations" ON "schema_migrations" ("version")
  [1m[36m (0.4ms)[0m  [1mSELECT version FROM "schema_migrations"[0m
  [1m[35m (26.2ms)[0m  INSERT INTO "schema_migrations" (version) VALUES ('20120130161449')
  [1m[36m (22.6ms)[0m  [1mINSERT INTO "schema_migrations" (version) VALUES ('20111119180638')[0m
  [1m[36m (0.4ms)[0m  [1mSELECT "schema_migrations"."version" FROM "schema_migrations" [0m
Migrating to CreateMovies (20111119180638)
Migrating to UpdateMovies (20130806213600)
  [1m[35m (0.1ms)[0m  select sqlite_version(*)
  [1m[36m (14.4ms)[0m  [1mALTER TABLE "movies" ADD "director" varchar(255)[0m
  [1m[35m (14.5ms)[0m  INSERT INTO "schema_migrations" ("version") VALUES ('20130806213600')
  [1m[36m (0.6ms)[0m  [1mselect sqlite_version(*)[0m
  [1m[35m (0.5ms)[0m  SELECT "schema_migrations"."version" FROM "schema_migrations" 
  [1m[36m (0.1ms)[0m  [1mPRAGMA index_list("movies")[0m
  [1m[36m (0.4ms)[0m  [1mSELECT "schema_migrations"."version" FROM "schema_migrations" [0m
  [1m[35m (0.5ms)[0m  select sqlite_version(*)
  [1m[36m (35.3ms)[0m  [1mCREATE TABLE "movies" ("id" INTEGER PRIMARY KEY AUTOINCREMENT NOT NULL, "title" varchar(255), "rating" varchar(255), "description" text, "release_date" datetime, "created_at" datetime, "updated_at" datetime, "director" varchar(255)) [0m
  [1m[35m (28.0ms)[0m  CREATE TABLE "schema_migrations" ("version" varchar(255) NOT NULL) 
  [1m[36m (0.1ms)[0m  [1mPRAGMA index_list("schema_migrations")[0m
  [1m[35m (26.4ms)[0m  CREATE UNIQUE INDEX "unique_schema_migrations" ON "schema_migrations" ("version")
  [1m[36m (0.5ms)[0m  [1mSELECT version FROM "schema_migrations"[0m
  [1m[35m (35.5ms)[0m  INSERT INTO "schema_migrations" (version) VALUES ('20130806213600')
  [1m[36m (31.4ms)[0m  [1mINSERT INTO "schema_migrations" (version) VALUES ('20111119180638')[0m


Started GET "/movies" for 127.0.0.1 at 2013-08-06 21:55:54 -0300
  Processing by MoviesController#index as HTML
Redirected to http://localhost:3000/movies?ratings%5BG%5D=1&ratings%5BNC-17%5D=1&ratings%5BPG%5D=1&ratings%5BPG-13%5D=1&ratings%5BR%5D=1&sort=release_date
Completed 302 Found in 6ms


Started GET "/movies?ratings%5BG%5D=1&ratings%5BNC-17%5D=1&ratings%5BPG%5D=1&ratings%5BPG-13%5D=1&ratings%5BR%5D=1&sort=release_date" for 127.0.0.1 at 2013-08-06 21:56:05 -0300
  Processing by MoviesController#index as HTML
  Parameters: {"ratings"=>{"G"=>"1", "NC-17"=>"1", "PG"=>"1", "PG-13"=>"1", "R"=>"1"}, "sort"=>"release_date"}
  [1m[36mMovie Load (1.5ms)[0m  [1mSELECT "movies".* FROM "movies" WHERE "movies"."rating" IN ('G', 'NC-17', 'PG', 'PG-13', 'R') ORDER BY release_date[0m
Rendered movies/index.html.haml within layouts/application (168.6ms)
Compiled application.css  (0ms)  (pid 8602)
Compiled application.js  (27ms)  (pid 8602)
Compiled jquery.js  (30ms)  (pid 8602)
Compiled jquery_ujs.js  (15ms)  (pid 8602)
Completed 200 OK in 1236ms (Views: 1028.5ms | ActiveRecord: 2.7ms)


Started GET "/assets/application.css?body=1" for 127.0.0.1 at 2013-08-06 21:56:07 -0300
Served asset /application.css - 200 OK (258ms)


Started GET "/assets/jquery.js?body=1" for 127.0.0.1 at 2013-08-06 21:56:07 -0300
Served asset /jquery.js - 200 OK (150ms)


Started GET "/assets/jquery_ujs.js?body=1" for 127.0.0.1 at 2013-08-06 21:56:07 -0300
Served asset /jquery_ujs.js - 200 OK (122ms)


Started GET "/assets/application.js?body=1" for 127.0.0.1 at 2013-08-06 21:56:07 -0300
Served asset /application.js - 200 OK (97ms)


Started GET "/movies?ratings%5BG%5D=1&ratings%5BNC-17%5D=1&ratings%5BPG%5D=1&ratings%5BPG-13%5D=1&ratings%5BR%5D=1&sort=title" for 127.0.0.1 at 2013-08-06 21:56:33 -0300
  Processing by MoviesController#index as HTML
  Parameters: {"ratings"=>{"G"=>"1", "NC-17"=>"1", "PG"=>"1", "PG-13"=>"1", "R"=>"1"}, "sort"=>"title"}
Redirected to http://localhost:3000/movies?ratings%5BG%5D=1&ratings%5BNC-17%5D=1&ratings%5BPG%5D=1&ratings%5BPG-13%5D=1&ratings%5BR%5D=1&sort=title
Completed 302 Found in 2ms


Started GET "/movies?ratings%5BG%5D=1&ratings%5BNC-17%5D=1&ratings%5BPG%5D=1&ratings%5BPG-13%5D=1&ratings%5BR%5D=1&sort=title" for 127.0.0.1 at 2013-08-06 21:56:33 -0300
  Processing by MoviesController#index as HTML
  Parameters: {"ratings"=>{"G"=>"1", "NC-17"=>"1", "PG"=>"1", "PG-13"=>"1", "R"=>"1"}, "sort"=>"title"}
  [1m[35mMovie Load (1.3ms)[0m  SELECT "movies".* FROM "movies" WHERE "movies"."rating" IN ('G', 'NC-17', 'PG', 'PG-13', 'R') ORDER BY title
Rendered movies/index.html.haml within layouts/application (258.3ms)
Completed 200 OK in 323ms (Views: 306.6ms | ActiveRecord: 6.9ms)


Started GET "/assets/application.css?body=1" for 127.0.0.1 at 2013-08-06 21:56:34 -0300
Served asset /application.css - 304 Not Modified (0ms)


Started GET "/assets/application.js?body=1" for 127.0.0.1 at 2013-08-06 21:56:34 -0300
Served asset /application.js - 304 Not Modified (0ms)


Started GET "/assets/jquery.js?body=1" for 127.0.0.1 at 2013-08-06 21:56:34 -0300
Served asset /jquery.js - 304 Not Modified (0ms)


Started GET "/assets/jquery_ujs.js?body=1" for 127.0.0.1 at 2013-08-06 21:56:34 -0300
Served asset /jquery_ujs.js - 304 Not Modified (13ms)


Started GET "/movies/17" for 127.0.0.1 at 2013-08-06 21:56:42 -0300
  Processing by MoviesController#show as HTML
  Parameters: {"id"=>"17"}
  [1m[36mMovie Load (0.9ms)[0m  [1mSELECT "movies".* FROM "movies" WHERE "movies"."id" = ? LIMIT 1[0m  [["id", "17"]]
Rendered movies/show.html.haml within layouts/application (29.4ms)
Completed 200 OK in 89ms (Views: 69.5ms | ActiveRecord: 2.4ms)


Started GET "/assets/jquery.js?body=1" for 127.0.0.1 at 2013-08-06 21:56:43 -0300
Served asset /jquery.js - 304 Not Modified (0ms)


Started GET "/assets/application.js?body=1" for 127.0.0.1 at 2013-08-06 21:56:43 -0300
Served asset /application.js - 304 Not Modified (0ms)


Started GET "/assets/application.css?body=1" for 127.0.0.1 at 2013-08-06 21:56:43 -0300
Served asset /application.css - 304 Not Modified (0ms)


Started GET "/assets/jquery_ujs.js?body=1" for 127.0.0.1 at 2013-08-06 21:56:43 -0300
Served asset /jquery_ujs.js - 304 Not Modified (0ms)


Started DELETE "/movies/17" for 127.0.0.1 at 2013-08-06 21:56:50 -0300
  Processing by MoviesController#destroy as HTML
  Parameters: {"authenticity_token"=>"iOSXWUbQCgYmckvnHSvueXjgBOj2UJnNgsay8zpYOUc=", "id"=>"17"}
  [1m[35mMovie Load (0.6ms)[0m  SELECT "movies".* FROM "movies" WHERE "movies"."id" = ? LIMIT 1  [["id", "17"]]
  [1m[36mSQL (157.5ms)[0m  [1mDELETE FROM "movies" WHERE "movies"."id" = ?[0m  [["id", 17]]
Redirected to http://localhost:3000/movies
Completed 302 Found in 237ms


Started GET "/movies" for 127.0.0.1 at 2013-08-06 21:56:50 -0300
  Processing by MoviesController#index as HTML
Redirected to http://localhost:3000/movies?ratings%5BG%5D=1&ratings%5BNC-17%5D=1&ratings%5BPG%5D=1&ratings%5BPG-13%5D=1&ratings%5BR%5D=1&sort=title
Completed 302 Found in 10ms


Started GET "/movies?ratings%5BG%5D=1&ratings%5BNC-17%5D=1&ratings%5BPG%5D=1&ratings%5BPG-13%5D=1&ratings%5BR%5D=1&sort=title" for 127.0.0.1 at 2013-08-06 21:56:51 -0300
  Processing by MoviesController#index as HTML
  Parameters: {"ratings"=>{"G"=>"1", "NC-17"=>"1", "PG"=>"1", "PG-13"=>"1", "R"=>"1"}, "sort"=>"title"}
  [1m[35mMovie Load (1.4ms)[0m  SELECT "movies".* FROM "movies" WHERE "movies"."rating" IN ('G', 'NC-17', 'PG', 'PG-13', 'R') ORDER BY title
Rendered movies/index.html.haml within layouts/application (196.5ms)
Completed 200 OK in 251ms (Views: 234.7ms | ActiveRecord: 6.9ms)


Started GET "/assets/jquery.js?body=1" for 127.0.0.1 at 2013-08-06 21:56:52 -0300
Served asset /jquery.js - 304 Not Modified (0ms)


Started GET "/assets/application.css?body=1" for 127.0.0.1 at 2013-08-06 21:56:52 -0300
Served asset /application.css - 304 Not Modified (5ms)


Started GET "/assets/application.js?body=1" for 127.0.0.1 at 2013-08-06 21:56:52 -0300
Served asset /application.js - 304 Not Modified (0ms)


Started GET "/assets/jquery_ujs.js?body=1" for 127.0.0.1 at 2013-08-06 21:56:52 -0300
Served asset /jquery_ujs.js - 304 Not Modified (0ms)


Started GET "/movies/11" for 127.0.0.1 at 2013-08-06 21:56:55 -0300
  Processing by MoviesController#show as HTML
  Parameters: {"id"=>"11"}
  [1m[36mMovie Load (0.5ms)[0m  [1mSELECT "movies".* FROM "movies" WHERE "movies"."id" = ? LIMIT 1[0m  [["id", "11"]]
Rendered movies/show.html.haml within layouts/application (21.5ms)
Completed 200 OK in 65ms (Views: 61.1ms | ActiveRecord: 2.1ms)


Started GET "/assets/application.css?body=1" for 127.0.0.1 at 2013-08-06 21:56:57 -0300
Served asset /application.css - 304 Not Modified (0ms)


Started GET "/assets/jquery.js?body=1" for 127.0.0.1 at 2013-08-06 21:56:57 -0300
Served asset /jquery.js - 304 Not Modified (0ms)


Started GET "/assets/application.js?body=1" for 127.0.0.1 at 2013-08-06 21:56:57 -0300
Served asset /application.js - 304 Not Modified (14ms)


Started GET "/assets/jquery_ujs.js?body=1" for 127.0.0.1 at 2013-08-06 21:56:57 -0300
Served asset /jquery_ujs.js - 304 Not Modified (5ms)


Started DELETE "/movies/11" for 127.0.0.1 at 2013-08-06 21:57:03 -0300
  Processing by MoviesController#destroy as HTML
  Parameters: {"authenticity_token"=>"iOSXWUbQCgYmckvnHSvueXjgBOj2UJnNgsay8zpYOUc=", "id"=>"11"}
  [1m[35mMovie Load (2.2ms)[0m  SELECT "movies".* FROM "movies" WHERE "movies"."id" = ? LIMIT 1  [["id", "11"]]
  [1m[36mSQL (15.4ms)[0m  [1mDELETE FROM "movies" WHERE "movies"."id" = ?[0m  [["id", 11]]
Redirected to http://localhost:3000/movies
Completed 302 Found in 87ms


Started GET "/movies" for 127.0.0.1 at 2013-08-06 21:57:04 -0300
  Processing by MoviesController#index as HTML
Redirected to http://localhost:3000/movies?ratings%5BG%5D=1&ratings%5BNC-17%5D=1&ratings%5BPG%5D=1&ratings%5BPG-13%5D=1&ratings%5BR%5D=1&sort=title
Completed 302 Found in 2ms


Started GET "/movies?ratings%5BG%5D=1&ratings%5BNC-17%5D=1&ratings%5BPG%5D=1&ratings%5BPG-13%5D=1&ratings%5BR%5D=1&sort=title" for 127.0.0.1 at 2013-08-06 21:57:04 -0300
  Processing by MoviesController#index as HTML
  Parameters: {"ratings"=>{"G"=>"1", "NC-17"=>"1", "PG"=>"1", "PG-13"=>"1", "R"=>"1"}, "sort"=>"title"}
  [1m[35mMovie Load (1.4ms)[0m  SELECT "movies".* FROM "movies" WHERE "movies"."rating" IN ('G', 'NC-17', 'PG', 'PG-13', 'R') ORDER BY title
Rendered movies/index.html.haml within layouts/application (62.9ms)
Completed 200 OK in 107ms (Views: 94.6ms | ActiveRecord: 2.9ms)


Started GET "/assets/jquery.js?body=1" for 127.0.0.1 at 2013-08-06 21:57:05 -0300
Served asset /jquery.js - 304 Not Modified (0ms)


Started GET "/assets/application.css?body=1" for 127.0.0.1 at 2013-08-06 21:57:05 -0300
Served asset /application.css - 304 Not Modified (1ms)


Started GET "/assets/application.js?body=1" for 127.0.0.1 at 2013-08-06 21:57:05 -0300
Served asset /application.js - 304 Not Modified (1ms)


Started GET "/assets/jquery_ujs.js?body=1" for 127.0.0.1 at 2013-08-06 21:57:05 -0300
Served asset /jquery_ujs.js - 304 Not Modified (13ms)


Started GET "/movies/16" for 127.0.0.1 at 2013-08-06 21:57:08 -0300
  Processing by MoviesController#show as HTML
  Parameters: {"id"=>"16"}
  [1m[36mMovie Load (0.5ms)[0m  [1mSELECT "movies".* FROM "movies" WHERE "movies"."id" = ? LIMIT 1[0m  [["id", "16"]]
Rendered movies/show.html.haml within layouts/application (20.6ms)
Completed 200 OK in 78ms (Views: 65.5ms | ActiveRecord: 1.6ms)


Started GET "/assets/application.css?body=1" for 127.0.0.1 at 2013-08-06 21:57:09 -0300
Served asset /application.css - 304 Not Modified (0ms)


Started GET "/assets/jquery.js?body=1" for 127.0.0.1 at 2013-08-06 21:57:09 -0300
Served asset /jquery.js - 304 Not Modified (6ms)


Started GET "/assets/application.js?body=1" for 127.0.0.1 at 2013-08-06 21:57:09 -0300
Served asset /application.js - 304 Not Modified (0ms)


Started GET "/assets/jquery_ujs.js?body=1" for 127.0.0.1 at 2013-08-06 21:57:09 -0300
Served asset /jquery_ujs.js - 304 Not Modified (0ms)


Started DELETE "/movies/16" for 127.0.0.1 at 2013-08-06 21:57:16 -0300
  Processing by MoviesController#destroy as HTML
  Parameters: {"authenticity_token"=>"iOSXWUbQCgYmckvnHSvueXjgBOj2UJnNgsay8zpYOUc=", "id"=>"16"}
  [1m[35mMovie Load (1.2ms)[0m  SELECT "movies".* FROM "movies" WHERE "movies"."id" = ? LIMIT 1  [["id", "16"]]
  [1m[36mSQL (5.3ms)[0m  [1mDELETE FROM "movies" WHERE "movies"."id" = ?[0m  [["id", 16]]
Redirected to http://localhost:3000/movies
Completed 302 Found in 78ms


Started GET "/movies" for 127.0.0.1 at 2013-08-06 21:57:17 -0300
  Processing by MoviesController#index as HTML
Redirected to http://localhost:3000/movies?ratings%5BG%5D=1&ratings%5BNC-17%5D=1&ratings%5BPG%5D=1&ratings%5BPG-13%5D=1&ratings%5BR%5D=1&sort=title
Completed 302 Found in 4ms


Started GET "/movies?ratings%5BG%5D=1&ratings%5BNC-17%5D=1&ratings%5BPG%5D=1&ratings%5BPG-13%5D=1&ratings%5BR%5D=1&sort=title" for 127.0.0.1 at 2013-08-06 21:57:17 -0300
  Processing by MoviesController#index as HTML
  Parameters: {"ratings"=>{"G"=>"1", "NC-17"=>"1", "PG"=>"1", "PG-13"=>"1", "R"=>"1"}, "sort"=>"title"}
  [1m[35mMovie Load (4.6ms)[0m  SELECT "movies".* FROM "movies" WHERE "movies"."rating" IN ('G', 'NC-17', 'PG', 'PG-13', 'R') ORDER BY title
Rendered movies/index.html.haml within layouts/application (67.6ms)
Completed 200 OK in 142ms (Views: 126.8ms | ActiveRecord: 6.6ms)


Started GET "/assets/jquery.js?body=1" for 127.0.0.1 at 2013-08-06 21:57:18 -0300
Served asset /jquery.js - 304 Not Modified (0ms)


Started GET "/assets/application.css?body=1" for 127.0.0.1 at 2013-08-06 21:57:18 -0300
Served asset /application.css - 304 Not Modified (0ms)


Started GET "/assets/application.js?body=1" for 127.0.0.1 at 2013-08-06 21:57:18 -0300
Served asset /application.js - 304 Not Modified (0ms)


Started GET "/assets/jquery_ujs.js?body=1" for 127.0.0.1 at 2013-08-06 21:57:18 -0300
Served asset /jquery_ujs.js - 304 Not Modified (0ms)


Started GET "/movies/20" for 127.0.0.1 at 2013-08-06 21:57:23 -0300
  Processing by MoviesController#show as HTML
  Parameters: {"id"=>"20"}
  [1m[36mMovie Load (13.3ms)[0m  [1mSELECT "movies".* FROM "movies" WHERE "movies"."id" = ? LIMIT 1[0m  [["id", "20"]]
Rendered movies/show.html.haml within layouts/application (15.3ms)
Completed 200 OK in 68ms (Views: 50.0ms | ActiveRecord: 14.4ms)


Started GET "/assets/jquery.js?body=1" for 127.0.0.1 at 2013-08-06 21:57:24 -0300
Served asset /jquery.js - 304 Not Modified (7ms)


Started GET "/assets/application.css?body=1" for 127.0.0.1 at 2013-08-06 21:57:24 -0300
Served asset /application.css - 304 Not Modified (0ms)


Started GET "/assets/jquery_ujs.js?body=1" for 127.0.0.1 at 2013-08-06 21:57:24 -0300
Served asset /jquery_ujs.js - 304 Not Modified (0ms)


Started GET "/assets/application.js?body=1" for 127.0.0.1 at 2013-08-06 21:57:24 -0300
Served asset /application.js - 304 Not Modified (0ms)


Started DELETE "/movies/20" for 127.0.0.1 at 2013-08-06 21:57:31 -0300
  Processing by MoviesController#destroy as HTML
  Parameters: {"authenticity_token"=>"iOSXWUbQCgYmckvnHSvueXjgBOj2UJnNgsay8zpYOUc=", "id"=>"20"}
  [1m[35mMovie Load (0.6ms)[0m  SELECT "movies".* FROM "movies" WHERE "movies"."id" = ? LIMIT 1  [["id", "20"]]
  [1m[36mSQL (14.6ms)[0m  [1mDELETE FROM "movies" WHERE "movies"."id" = ?[0m  [["id", 20]]
Redirected to http://localhost:3000/movies
Completed 302 Found in 81ms


Started GET "/movies" for 127.0.0.1 at 2013-08-06 21:57:32 -0300
  Processing by MoviesController#index as HTML
Redirected to http://localhost:3000/movies?ratings%5BG%5D=1&ratings%5BNC-17%5D=1&ratings%5BPG%5D=1&ratings%5BPG-13%5D=1&ratings%5BR%5D=1&sort=title
Completed 302 Found in 2ms


Started GET "/movies?ratings%5BG%5D=1&ratings%5BNC-17%5D=1&ratings%5BPG%5D=1&ratings%5BPG-13%5D=1&ratings%5BR%5D=1&sort=title" for 127.0.0.1 at 2013-08-06 21:57:32 -0300
  Processing by MoviesController#index as HTML
  Parameters: {"ratings"=>{"G"=>"1", "NC-17"=>"1", "PG"=>"1", "PG-13"=>"1", "R"=>"1"}, "sort"=>"title"}
  [1m[35mMovie Load (0.8ms)[0m  SELECT "movies".* FROM "movies" WHERE "movies"."rating" IN ('G', 'NC-17', 'PG', 'PG-13', 'R') ORDER BY title
Rendered movies/index.html.haml within layouts/application (50.5ms)
Completed 200 OK in 114ms (Views: 99.1ms | ActiveRecord: 1.9ms)


Started GET "/assets/application.css?body=1" for 127.0.0.1 at 2013-08-06 21:57:33 -0300
Served asset /application.css - 304 Not Modified (0ms)


Started GET "/assets/jquery.js?body=1" for 127.0.0.1 at 2013-08-06 21:57:33 -0300
Served asset /jquery.js - 304 Not Modified (0ms)


Started GET "/assets/jquery_ujs.js?body=1" for 127.0.0.1 at 2013-08-06 21:57:33 -0300
Served asset /jquery_ujs.js - 304 Not Modified (0ms)


Started GET "/assets/application.js?body=1" for 127.0.0.1 at 2013-08-06 21:57:33 -0300
Served asset /application.js - 304 Not Modified (1ms)


Started GET "/movies/15" for 127.0.0.1 at 2013-08-06 21:57:39 -0300
  Processing by MoviesController#show as HTML
  Parameters: {"id"=>"15"}
  [1m[36mMovie Load (9.8ms)[0m  [1mSELECT "movies".* FROM "movies" WHERE "movies"."id" = ? LIMIT 1[0m  [["id", "15"]]
Rendered movies/show.html.haml within layouts/application (20.9ms)
Completed 200 OK in 77ms (Views: 63.2ms | ActiveRecord: 11.0ms)


Started GET "/assets/jquery.js?body=1" for 127.0.0.1 at 2013-08-06 21:57:40 -0300
Served asset /jquery.js - 304 Not Modified (7ms)


Started GET "/assets/application.js?body=1" for 127.0.0.1 at 2013-08-06 21:57:40 -0300
Served asset /application.js - 304 Not Modified (6ms)


Started GET "/assets/application.css?body=1" for 127.0.0.1 at 2013-08-06 21:57:40 -0300
Served asset /application.css - 304 Not Modified (0ms)


Started GET "/assets/jquery_ujs.js?body=1" for 127.0.0.1 at 2013-08-06 21:57:40 -0300
Served asset /jquery_ujs.js - 304 Not Modified (0ms)


Started DELETE "/movies/15" for 127.0.0.1 at 2013-08-06 21:57:46 -0300
  Processing by MoviesController#destroy as HTML
  Parameters: {"authenticity_token"=>"iOSXWUbQCgYmckvnHSvueXjgBOj2UJnNgsay8zpYOUc=", "id"=>"15"}
  [1m[35mMovie Load (0.6ms)[0m  SELECT "movies".* FROM "movies" WHERE "movies"."id" = ? LIMIT 1  [["id", "15"]]
  [1m[36mSQL (10.3ms)[0m  [1mDELETE FROM "movies" WHERE "movies"."id" = ?[0m  [["id", 15]]
Redirected to http://localhost:3000/movies
Completed 302 Found in 82ms


Started GET "/movies" for 127.0.0.1 at 2013-08-06 21:57:46 -0300
  Processing by MoviesController#index as HTML
Redirected to http://localhost:3000/movies?ratings%5BG%5D=1&ratings%5BNC-17%5D=1&ratings%5BPG%5D=1&ratings%5BPG-13%5D=1&ratings%5BR%5D=1&sort=title
Completed 302 Found in 5ms


Started GET "/movies?ratings%5BG%5D=1&ratings%5BNC-17%5D=1&ratings%5BPG%5D=1&ratings%5BPG-13%5D=1&ratings%5BR%5D=1&sort=title" for 127.0.0.1 at 2013-08-06 21:57:47 -0300
  Processing by MoviesController#index as HTML
  Parameters: {"ratings"=>{"G"=>"1", "NC-17"=>"1", "PG"=>"1", "PG-13"=>"1", "R"=>"1"}, "sort"=>"title"}
  [1m[35mMovie Load (0.8ms)[0m  SELECT "movies".* FROM "movies" WHERE "movies"."rating" IN ('G', 'NC-17', 'PG', 'PG-13', 'R') ORDER BY title
Rendered movies/index.html.haml within layouts/application (193.9ms)
Completed 200 OK in 246ms (Views: 236.1ms | ActiveRecord: 1.9ms)


Started GET "/assets/application.js?body=1" for 127.0.0.1 at 2013-08-06 21:57:48 -0300
Served asset /application.js - 304 Not Modified (8ms)


Started GET "/assets/application.css?body=1" for 127.0.0.1 at 2013-08-06 21:57:48 -0300
Served asset /application.css - 304 Not Modified (4ms)


Started GET "/assets/jquery.js?body=1" for 127.0.0.1 at 2013-08-06 21:57:48 -0300
Served asset /jquery.js - 304 Not Modified (0ms)


Started GET "/assets/jquery_ujs.js?body=1" for 127.0.0.1 at 2013-08-06 21:57:48 -0300
Served asset /jquery_ujs.js - 304 Not Modified (5ms)


Started GET "/movies/19" for 127.0.0.1 at 2013-08-06 21:57:52 -0300
  Processing by MoviesController#show as HTML
  Parameters: {"id"=>"19"}
  [1m[36mMovie Load (0.5ms)[0m  [1mSELECT "movies".* FROM "movies" WHERE "movies"."id" = ? LIMIT 1[0m  [["id", "19"]]
Rendered movies/show.html.haml within layouts/application (27.0ms)
Completed 200 OK in 103ms (Views: 78.8ms | ActiveRecord: 2.7ms)


Started GET "/assets/application.css?body=1" for 127.0.0.1 at 2013-08-06 21:57:52 -0300
Served asset /application.css - 304 Not Modified (10ms)


Started GET "/assets/application.js?body=1" for 127.0.0.1 at 2013-08-06 21:57:52 -0300
Served asset /application.js - 304 Not Modified (3ms)


Started GET "/assets/jquery_ujs.js?body=1" for 127.0.0.1 at 2013-08-06 21:57:52 -0300
Served asset /jquery_ujs.js - 304 Not Modified (0ms)


Started GET "/assets/jquery.js?body=1" for 127.0.0.1 at 2013-08-06 21:57:52 -0300
Served asset /jquery.js - 304 Not Modified (0ms)


Started DELETE "/movies/19" for 127.0.0.1 at 2013-08-06 21:57:58 -0300
  Processing by MoviesController#destroy as HTML
  Parameters: {"authenticity_token"=>"iOSXWUbQCgYmckvnHSvueXjgBOj2UJnNgsay8zpYOUc=", "id"=>"19"}
  [1m[35mMovie Load (0.6ms)[0m  SELECT "movies".* FROM "movies" WHERE "movies"."id" = ? LIMIT 1  [["id", "19"]]
  [1m[36mSQL (18.6ms)[0m  [1mDELETE FROM "movies" WHERE "movies"."id" = ?[0m  [["id", 19]]
Redirected to http://localhost:3000/movies
Completed 302 Found in 76ms


Started GET "/movies" for 127.0.0.1 at 2013-08-06 21:57:59 -0300
  Processing by MoviesController#index as HTML
Redirected to http://localhost:3000/movies?ratings%5BG%5D=1&ratings%5BNC-17%5D=1&ratings%5BPG%5D=1&ratings%5BPG-13%5D=1&ratings%5BR%5D=1&sort=title
Completed 302 Found in 9ms


Started GET "/movies?ratings%5BG%5D=1&ratings%5BNC-17%5D=1&ratings%5BPG%5D=1&ratings%5BPG-13%5D=1&ratings%5BR%5D=1&sort=title" for 127.0.0.1 at 2013-08-06 21:57:59 -0300
  Processing by MoviesController#index as HTML
  Parameters: {"ratings"=>{"G"=>"1", "NC-17"=>"1", "PG"=>"1", "PG-13"=>"1", "R"=>"1"}, "sort"=>"title"}
  [1m[35mMovie Load (7.8ms)[0m  SELECT "movies".* FROM "movies" WHERE "movies"."rating" IN ('G', 'NC-17', 'PG', 'PG-13', 'R') ORDER BY title
Rendered movies/index.html.haml within layouts/application (71.0ms)
Completed 200 OK in 124ms (Views: 112.5ms | ActiveRecord: 8.9ms)


Started GET "/assets/jquery.js?body=1" for 127.0.0.1 at 2013-08-06 21:58:00 -0300
Served asset /jquery.js - 304 Not Modified (14ms)


Started GET "/assets/application.css?body=1" for 127.0.0.1 at 2013-08-06 21:58:00 -0300
Served asset /application.css - 304 Not Modified (9ms)


Started GET "/assets/application.js?body=1" for 127.0.0.1 at 2013-08-06 21:58:00 -0300
Served asset /application.js - 304 Not Modified (0ms)


Started GET "/assets/jquery_ujs.js?body=1" for 127.0.0.1 at 2013-08-06 21:58:00 -0300
Served asset /jquery_ujs.js - 304 Not Modified (0ms)


Started GET "/movies/14" for 127.0.0.1 at 2013-08-06 21:58:04 -0300
  Processing by MoviesController#show as HTML
  Parameters: {"id"=>"14"}
  [1m[36mMovie Load (0.6ms)[0m  [1mSELECT "movies".* FROM "movies" WHERE "movies"."id" = ? LIMIT 1[0m  [["id", "14"]]
Rendered movies/show.html.haml within layouts/application (35.1ms)
Completed 200 OK in 72ms (Views: 61.3ms | ActiveRecord: 6.1ms)


Started GET "/assets/application.js?body=1" for 127.0.0.1 at 2013-08-06 21:58:05 -0300
Served asset /application.js - 304 Not Modified (0ms)


Started GET "/assets/jquery_ujs.js?body=1" for 127.0.0.1 at 2013-08-06 21:58:05 -0300
Served asset /jquery_ujs.js - 304 Not Modified (0ms)


Started GET "/assets/jquery.js?body=1" for 127.0.0.1 at 2013-08-06 21:58:05 -0300
Served asset /jquery.js - 304 Not Modified (0ms)


Started GET "/assets/application.css?body=1" for 127.0.0.1 at 2013-08-06 21:58:05 -0300
Served asset /application.css - 304 Not Modified (9ms)


Started DELETE "/movies/14" for 127.0.0.1 at 2013-08-06 21:58:12 -0300
  Processing by MoviesController#destroy as HTML
  Parameters: {"authenticity_token"=>"iOSXWUbQCgYmckvnHSvueXjgBOj2UJnNgsay8zpYOUc=", "id"=>"14"}
  [1m[35mMovie Load (3.2ms)[0m  SELECT "movies".* FROM "movies" WHERE "movies"."id" = ? LIMIT 1  [["id", "14"]]
  [1m[36mSQL (6.5ms)[0m  [1mDELETE FROM "movies" WHERE "movies"."id" = ?[0m  [["id", 14]]
Redirected to http://localhost:3000/movies
Completed 302 Found in 136ms


Started GET "/movies" for 127.0.0.1 at 2013-08-06 21:58:12 -0300
  Processing by MoviesController#index as HTML
Redirected to http://localhost:3000/movies?ratings%5BG%5D=1&ratings%5BNC-17%5D=1&ratings%5BPG%5D=1&ratings%5BPG-13%5D=1&ratings%5BR%5D=1&sort=title
Completed 302 Found in 17ms


Started GET "/movies?ratings%5BG%5D=1&ratings%5BNC-17%5D=1&ratings%5BPG%5D=1&ratings%5BPG-13%5D=1&ratings%5BR%5D=1&sort=title" for 127.0.0.1 at 2013-08-06 21:58:13 -0300
  Processing by MoviesController#index as HTML
  Parameters: {"ratings"=>{"G"=>"1", "NC-17"=>"1", "PG"=>"1", "PG-13"=>"1", "R"=>"1"}, "sort"=>"title"}
  [1m[35mMovie Load (0.9ms)[0m  SELECT "movies".* FROM "movies" WHERE "movies"."rating" IN ('G', 'NC-17', 'PG', 'PG-13', 'R') ORDER BY title
Rendered movies/index.html.haml within layouts/application (49.0ms)
Completed 200 OK in 105ms (Views: 93.7ms | ActiveRecord: 2.1ms)


Started GET "/assets/application.js?body=1" for 127.0.0.1 at 2013-08-06 21:58:14 -0300
Served asset /application.js - 304 Not Modified (6ms)


Started GET "/assets/jquery.js?body=1" for 127.0.0.1 at 2013-08-06 21:58:14 -0300
Served asset /jquery.js - 304 Not Modified (0ms)


Started GET "/assets/application.css?body=1" for 127.0.0.1 at 2013-08-06 21:58:14 -0300
Served asset /application.css - 304 Not Modified (0ms)


Started GET "/assets/jquery_ujs.js?body=1" for 127.0.0.1 at 2013-08-06 21:58:14 -0300
Served asset /jquery_ujs.js - 304 Not Modified (0ms)


Started GET "/movies/18" for 127.0.0.1 at 2013-08-06 21:58:18 -0300
  Processing by MoviesController#show as HTML
  Parameters: {"id"=>"18"}
  [1m[36mMovie Load (0.5ms)[0m  [1mSELECT "movies".* FROM "movies" WHERE "movies"."id" = ? LIMIT 1[0m  [["id", "18"]]
Rendered movies/show.html.haml within layouts/application (20.9ms)
Completed 200 OK in 74ms (Views: 47.0ms | ActiveRecord: 2.1ms)


Started GET "/assets/jquery.js?body=1" for 127.0.0.1 at 2013-08-06 21:58:19 -0300
Served asset /jquery.js - 304 Not Modified (3ms)


Started GET "/assets/application.js?body=1" for 127.0.0.1 at 2013-08-06 21:58:19 -0300
Served asset /application.js - 304 Not Modified (0ms)


Started GET "/assets/application.css?body=1" for 127.0.0.1 at 2013-08-06 21:58:19 -0300
Served asset /application.css - 304 Not Modified (0ms)


Started GET "/assets/jquery_ujs.js?body=1" for 127.0.0.1 at 2013-08-06 21:58:19 -0300
Served asset /jquery_ujs.js - 304 Not Modified (15ms)


Started DELETE "/movies/18" for 127.0.0.1 at 2013-08-06 21:58:25 -0300
  Processing by MoviesController#destroy as HTML
  Parameters: {"authenticity_token"=>"iOSXWUbQCgYmckvnHSvueXjgBOj2UJnNgsay8zpYOUc=", "id"=>"18"}
  [1m[35mMovie Load (0.9ms)[0m  SELECT "movies".* FROM "movies" WHERE "movies"."id" = ? LIMIT 1  [["id", "18"]]
  [1m[36mSQL (15.0ms)[0m  [1mDELETE FROM "movies" WHERE "movies"."id" = ?[0m  [["id", 18]]
Redirected to http://localhost:3000/movies
Completed 302 Found in 93ms


Started GET "/movies" for 127.0.0.1 at 2013-08-06 21:58:26 -0300
  Processing by MoviesController#index as HTML
Redirected to http://localhost:3000/movies?ratings%5BG%5D=1&ratings%5BNC-17%5D=1&ratings%5BPG%5D=1&ratings%5BPG-13%5D=1&ratings%5BR%5D=1&sort=title
Completed 302 Found in 4ms


Started GET "/movies?ratings%5BG%5D=1&ratings%5BNC-17%5D=1&ratings%5BPG%5D=1&ratings%5BPG-13%5D=1&ratings%5BR%5D=1&sort=title" for 127.0.0.1 at 2013-08-06 21:58:26 -0300
  Processing by MoviesController#index as HTML
  Parameters: {"ratings"=>{"G"=>"1", "NC-17"=>"1", "PG"=>"1", "PG-13"=>"1", "R"=>"1"}, "sort"=>"title"}
  [1m[35mMovie Load (10.7ms)[0m  SELECT "movies".* FROM "movies" WHERE "movies"."rating" IN ('G', 'NC-17', 'PG', 'PG-13', 'R') ORDER BY title
Rendered movies/index.html.haml within layouts/application (56.1ms)
Completed 200 OK in 120ms (Views: 98.9ms | ActiveRecord: 12.0ms)


Started GET "/assets/application.css?body=1" for 127.0.0.1 at 2013-08-06 21:58:27 -0300
Served asset /application.css - 304 Not Modified (0ms)


Started GET "/assets/jquery.js?body=1" for 127.0.0.1 at 2013-08-06 21:58:27 -0300
Served asset /jquery.js - 304 Not Modified (4ms)


Started GET "/assets/jquery_ujs.js?body=1" for 127.0.0.1 at 2013-08-06 21:58:27 -0300
Served asset /jquery_ujs.js - 304 Not Modified (0ms)


Started GET "/assets/application.js?body=1" for 127.0.0.1 at 2013-08-06 21:58:27 -0300
Served asset /application.js - 304 Not Modified (1ms)


Started GET "/movies/12" for 127.0.0.1 at 2013-08-06 21:58:31 -0300
  Processing by MoviesController#show as HTML
  Parameters: {"id"=>"12"}
  [1m[36mMovie Load (0.6ms)[0m  [1mSELECT "movies".* FROM "movies" WHERE "movies"."id" = ? LIMIT 1[0m  [["id", "12"]]
Rendered movies/show.html.haml within layouts/application (21.2ms)
Completed 200 OK in 175ms (Views: 164.0ms | ActiveRecord: 7.5ms)


Started GET "/assets/jquery.js?body=1" for 127.0.0.1 at 2013-08-06 21:58:32 -0300
Served asset /jquery.js - 304 Not Modified (0ms)


Started GET "/assets/jquery_ujs.js?body=1" for 127.0.0.1 at 2013-08-06 21:58:32 -0300
Served asset /jquery_ujs.js - 304 Not Modified (0ms)


Started GET "/assets/application.js?body=1" for 127.0.0.1 at 2013-08-06 21:58:32 -0300
Served asset /application.js - 304 Not Modified (7ms)


Started GET "/assets/application.css?body=1" for 127.0.0.1 at 2013-08-06 21:58:32 -0300
Served asset /application.css - 304 Not Modified (0ms)


Started DELETE "/movies/12" for 127.0.0.1 at 2013-08-06 21:58:38 -0300
  Processing by MoviesController#destroy as HTML
  Parameters: {"authenticity_token"=>"iOSXWUbQCgYmckvnHSvueXjgBOj2UJnNgsay8zpYOUc=", "id"=>"12"}
  [1m[35mMovie Load (0.8ms)[0m  SELECT "movies".* FROM "movies" WHERE "movies"."id" = ? LIMIT 1  [["id", "12"]]
  [1m[36mSQL (19.3ms)[0m  [1mDELETE FROM "movies" WHERE "movies"."id" = ?[0m  [["id", 12]]
Redirected to http://localhost:3000/movies
Completed 302 Found in 76ms


Started GET "/movies" for 127.0.0.1 at 2013-08-06 21:58:39 -0300
  Processing by MoviesController#index as HTML
Redirected to http://localhost:3000/movies?ratings%5BG%5D=1&ratings%5BNC-17%5D=1&ratings%5BPG%5D=1&ratings%5BPG-13%5D=1&ratings%5BR%5D=1&sort=title
Completed 302 Found in 9ms


Started GET "/movies?ratings%5BG%5D=1&ratings%5BNC-17%5D=1&ratings%5BPG%5D=1&ratings%5BPG-13%5D=1&ratings%5BR%5D=1&sort=title" for 127.0.0.1 at 2013-08-06 21:58:39 -0300
  Processing by MoviesController#index as HTML
  Parameters: {"ratings"=>{"G"=>"1", "NC-17"=>"1", "PG"=>"1", "PG-13"=>"1", "R"=>"1"}, "sort"=>"title"}
  [1m[35mMovie Load (1.1ms)[0m  SELECT "movies".* FROM "movies" WHERE "movies"."rating" IN ('G', 'NC-17', 'PG', 'PG-13', 'R') ORDER BY title
Rendered movies/index.html.haml within layouts/application (40.3ms)
Completed 200 OK in 83ms (Views: 73.7ms | ActiveRecord: 2.1ms)


Started GET "/assets/jquery.js?body=1" for 127.0.0.1 at 2013-08-06 21:58:40 -0300
Served asset /jquery.js - 304 Not Modified (0ms)


Started GET "/assets/application.css?body=1" for 127.0.0.1 at 2013-08-06 21:58:40 -0300
Served asset /application.css - 304 Not Modified (0ms)


Started GET "/assets/jquery_ujs.js?body=1" for 127.0.0.1 at 2013-08-06 21:58:40 -0300
Served asset /jquery_ujs.js - 304 Not Modified (0ms)


Started GET "/assets/application.js?body=1" for 127.0.0.1 at 2013-08-06 21:58:40 -0300
Served asset /application.js - 304 Not Modified (0ms)


Started GET "/movies/13" for 127.0.0.1 at 2013-08-06 21:58:44 -0300
  Processing by MoviesController#show as HTML
  Parameters: {"id"=>"13"}
  [1m[36mMovie Load (0.6ms)[0m  [1mSELECT "movies".* FROM "movies" WHERE "movies"."id" = ? LIMIT 1[0m  [["id", "13"]]
Rendered movies/show.html.haml within layouts/application (26.1ms)
Completed 200 OK in 88ms (Views: 79.0ms | ActiveRecord: 2.1ms)


Started GET "/assets/application.css?body=1" for 127.0.0.1 at 2013-08-06 21:58:46 -0300
Served asset /application.css - 304 Not Modified (7ms)


Started GET "/assets/jquery.js?body=1" for 127.0.0.1 at 2013-08-06 21:58:46 -0300
Served asset /jquery.js - 304 Not Modified (0ms)


Started GET "/assets/jquery_ujs.js?body=1" for 127.0.0.1 at 2013-08-06 21:58:46 -0300
Served asset /jquery_ujs.js - 304 Not Modified (0ms)


Started GET "/assets/application.js?body=1" for 127.0.0.1 at 2013-08-06 21:58:46 -0300
Served asset /application.js - 304 Not Modified (14ms)


Started DELETE "/movies/13" for 127.0.0.1 at 2013-08-06 21:58:52 -0300
  Processing by MoviesController#destroy as HTML
  Parameters: {"authenticity_token"=>"iOSXWUbQCgYmckvnHSvueXjgBOj2UJnNgsay8zpYOUc=", "id"=>"13"}
  [1m[35mMovie Load (0.8ms)[0m  SELECT "movies".* FROM "movies" WHERE "movies"."id" = ? LIMIT 1  [["id", "13"]]
  [1m[36mSQL (19.1ms)[0m  [1mDELETE FROM "movies" WHERE "movies"."id" = ?[0m  [["id", 13]]
Redirected to http://localhost:3000/movies
Completed 302 Found in 116ms


Started GET "/movies" for 127.0.0.1 at 2013-08-06 21:58:53 -0300
  Processing by MoviesController#index as HTML
Redirected to http://localhost:3000/movies?ratings%5BG%5D=1&ratings%5BNC-17%5D=1&ratings%5BPG%5D=1&ratings%5BPG-13%5D=1&ratings%5BR%5D=1&sort=title
Completed 302 Found in 14ms


Started GET "/movies?ratings%5BG%5D=1&ratings%5BNC-17%5D=1&ratings%5BPG%5D=1&ratings%5BPG-13%5D=1&ratings%5BR%5D=1&sort=title" for 127.0.0.1 at 2013-08-06 21:58:53 -0300
  Processing by MoviesController#index as HTML
  Parameters: {"ratings"=>{"G"=>"1", "NC-17"=>"1", "PG"=>"1", "PG-13"=>"1", "R"=>"1"}, "sort"=>"title"}
  [1m[35mMovie Load (1.2ms)[0m  SELECT "movies".* FROM "movies" WHERE "movies"."rating" IN ('G', 'NC-17', 'PG', 'PG-13', 'R') ORDER BY title
Rendered movies/index.html.haml within layouts/application (69.9ms)
Completed 200 OK in 128ms (Views: 107.3ms | ActiveRecord: 2.4ms)


Started GET "/assets/jquery.js?body=1" for 127.0.0.1 at 2013-08-06 21:58:54 -0300
Served asset /jquery.js - 304 Not Modified (0ms)


Started GET "/assets/application.js?body=1" for 127.0.0.1 at 2013-08-06 21:58:54 -0300
Served asset /application.js - 304 Not Modified (16ms)


Started GET "/assets/jquery_ujs.js?body=1" for 127.0.0.1 at 2013-08-06 21:58:54 -0300
Served asset /jquery_ujs.js - 304 Not Modified (9ms)


Started GET "/assets/application.css?body=1" for 127.0.0.1 at 2013-08-06 21:58:54 -0300
Served asset /application.css - 304 Not Modified (0ms)
DEPRECATION WARNING: require_library_or_gem is deprecated and will be removed from Rails 3.2. (called from require at script/rails:6)


Started GET "/movies" for 127.0.0.1 at 2013-08-06 23:47:56 -0300

SyntaxError (/home/ubuntu/Documents/hw4_rottenpotatoes/app/controllers/movies_controller.rb:75: syntax error, unexpected $end, expecting keyword_end):
  

Rendered /usr/local/lib/ruby/gems/1.9.1/gems/actionpack-3.1.0/lib/action_dispatch/middleware/templates/rescues/_trace.erb (3.7ms)
Rendered /usr/local/lib/ruby/gems/1.9.1/gems/actionpack-3.1.0/lib/action_dispatch/middleware/templates/rescues/_request_and_response.erb (69.2ms)
Rendered /usr/local/lib/ruby/gems/1.9.1/gems/actionpack-3.1.0/lib/action_dispatch/middleware/templates/rescues/diagnostics.erb within rescues/layout (83.8ms)


Started GET "/movies" for 127.0.0.1 at 2013-08-06 23:49:08 -0300
  Processing by MoviesController#index as HTML
Redirected to http://localhost:3000/movies?ratings%5BG%5D=1&ratings%5BNC-17%5D=1&ratings%5BPG%5D=1&ratings%5BPG-13%5D=1&ratings%5BR%5D=1&sort=title
Completed 302 Found in 13ms


Started GET "/movies?ratings%5BG%5D=1&ratings%5BNC-17%5D=1&ratings%5BPG%5D=1&ratings%5BPG-13%5D=1&ratings%5BR%5D=1&sort=title" for 127.0.0.1 at 2013-08-06 23:49:09 -0300
  Processing by MoviesController#index as HTML
  Parameters: {"ratings"=>{"G"=>"1", "NC-17"=>"1", "PG"=>"1", "PG-13"=>"1", "R"=>"1"}, "sort"=>"title"}
  [1m[36mMovie Load (3.1ms)[0m  [1mSELECT "movies".* FROM "movies" WHERE "movies"."rating" IN ('G', 'NC-17', 'PG', 'PG-13', 'R') ORDER BY title[0m
Rendered movies/index.html.haml within layouts/application (140.5ms)
Completed 200 OK in 350ms (Views: 279.0ms | ActiveRecord: 7.2ms)


Started GET "/assets/application.css?body=1" for 127.0.0.1 at 2013-08-06 23:49:10 -0300
Served asset /application.css - 304 Not Modified (38ms)


Started GET "/assets/jquery.js?body=1" for 127.0.0.1 at 2013-08-06 23:49:10 -0300
Served asset /jquery.js - 304 Not Modified (196ms)


Started GET "/assets/jquery_ujs.js?body=1" for 127.0.0.1 at 2013-08-06 23:49:10 -0300
Served asset /jquery_ujs.js - 304 Not Modified (19ms)


Started GET "/assets/application.js?body=1" for 127.0.0.1 at 2013-08-06 23:49:10 -0300
Served asset /application.js - 304 Not Modified (7ms)


Started GET "/movies/Aladdin/edit_by_title" for 127.0.0.1 at 2013-08-06 23:49:57 -0300
  Processing by MoviesController#edit_by_title as HTML
  Parameters: {"title"=>"Aladdin"}
  [1m[35mMovie Load (1.0ms)[0m  SELECT "movies".* FROM "movies" WHERE "movies"."title" = 'Aladdin'
Rendered movies/edit.html.haml within layouts/application (186.1ms)
Completed 500 Internal Server Error in 164250ms

ActionView::Template::Error (undefined method `title' for #<ActiveRecord::Relation:0xb44e762c>):
    5: = form_tag movie_path(@movie), :method => :put do
    6: 
    7:   = label :movie, :title, 'Title'
    8:   = text_field :movie, 'title'
    9: 
    10:   = label :movie, :rating, 'Rating'
    11:   = select :movie, :rating, ['G','PG','PG-13','R','NC-17']
  app/views/movies/edit.html.haml:8:in `block in _app_views_movies_edit_html_haml___25122597__637644288'
  app/views/movies/edit.html.haml:5:in `_app_views_movies_edit_html_haml___25122597__637644288'
  app/controllers/movies_controller.rb:59:in `edit_by_title'

Rendered /usr/local/lib/ruby/gems/1.9.1/gems/actionpack-3.1.0/lib/action_dispatch/middleware/templates/rescues/_trace.erb (8.5ms)
Rendered /usr/local/lib/ruby/gems/1.9.1/gems/actionpack-3.1.0/lib/action_dispatch/middleware/templates/rescues/_request_and_response.erb (3.9ms)
Rendered /usr/local/lib/ruby/gems/1.9.1/gems/actionpack-3.1.0/lib/action_dispatch/middleware/templates/rescues/template_error.erb within rescues/layout (26.1ms)


Started GET "/movies/Aladdin/edit_by_title" for 127.0.0.1 at 2013-08-06 23:59:09 -0300
  Processing by MoviesController#edit_by_title as HTML
  Parameters: {"title"=>"Aladdin"}
  [1m[36mMovie Load (0.8ms)[0m  [1mSELECT "movies".* FROM "movies" WHERE "movies"."title" = 'Aladdin'[0m
Completed 500 Internal Server Error in 41ms

NoMethodError (undefined method `id' for #<ActiveRecord::Relation:0x95485f4>):
  app/controllers/movies_controller.rb:60:in `edit_by_title'

Rendered /usr/local/lib/ruby/gems/1.9.1/gems/actionpack-3.1.0/lib/action_dispatch/middleware/templates/rescues/_trace.erb (14.4ms)
Rendered /usr/local/lib/ruby/gems/1.9.1/gems/actionpack-3.1.0/lib/action_dispatch/middleware/templates/rescues/_request_and_response.erb (2.2ms)
Rendered /usr/local/lib/ruby/gems/1.9.1/gems/actionpack-3.1.0/lib/action_dispatch/middleware/templates/rescues/diagnostics.erb within rescues/layout (33.0ms)


Started GET "/movies/Aladdin/edit_by_title" for 127.0.0.1 at 2013-08-07 00:01:48 -0300
  Processing by MoviesController#edit_by_title as HTML
  Parameters: {"title"=>"Aladdin"}
  [1m[35mMovie Load (9.4ms)[0m  SELECT "movies".* FROM "movies" WHERE "movies"."title" = 'Aladdin'
Rendered movies/edit.html.haml within layouts/application (71.5ms)
Completed 200 OK in 127ms (Views: 114.6ms | ActiveRecord: 10.4ms)


Started GET "/assets/application.css?body=1" for 127.0.0.1 at 2013-08-07 00:01:49 -0300
Served asset /application.css - 304 Not Modified (0ms)


Started GET "/assets/application.js?body=1" for 127.0.0.1 at 2013-08-07 00:01:49 -0300
Served asset /application.js - 304 Not Modified (1ms)


Started GET "/assets/jquery.js?body=1" for 127.0.0.1 at 2013-08-07 00:01:49 -0300
Served asset /jquery.js - 304 Not Modified (0ms)


Started GET "/assets/jquery_ujs.js?body=1" for 127.0.0.1 at 2013-08-07 00:01:49 -0300
Served asset /jquery_ujs.js - 304 Not Modified (13ms)


Started GET "/movies/Aladdin2/edit_by_title" for 127.0.0.1 at 2013-08-07 00:03:17 -0300
  Processing by MoviesController#edit_by_title as HTML
  Parameters: {"title"=>"Aladdin2"}
  [1m[36mMovie Load (0.6ms)[0m  [1mSELECT "movies".* FROM "movies" WHERE "movies"."title" = 'Aladdin2'[0m
Rendered movies/edit.html.haml within layouts/application (13.8ms)
Completed 500 Internal Server Error in 43ms

ActionView::Template::Error (No route matches {:action=>"show", :controller=>"movies"}):
    2: 
    3: %h1 Edit Existing Movie
    4: 
    5: = form_tag movie_path(@movie), :method => :put do
    6: 
    7:   = label :movie, :title, 'Title'
    8:   = text_field :movie, 'title'
  app/views/movies/edit.html.haml:5:in `_app_views_movies_edit_html_haml___25122597__637644288'
  app/controllers/movies_controller.rb:60:in `edit_by_title'

Rendered /usr/local/lib/ruby/gems/1.9.1/gems/actionpack-3.1.0/lib/action_dispatch/middleware/templates/rescues/routing_error.erb within rescues/layout (151.7ms)


Started GET "/movies/Aladdi/edit_by_title" for 127.0.0.1 at 2013-08-07 00:03:50 -0300
  Processing by MoviesController#edit_by_title as HTML
  Parameters: {"title"=>"Aladdi"}
  [1m[35mMovie Load (0.9ms)[0m  SELECT "movies".* FROM "movies" WHERE "movies"."title" = 'Aladdi'
Rendered movies/edit.html.haml within layouts/application (16.2ms)
Completed 500 Internal Server Error in 94ms

ActionView::Template::Error (No route matches {:action=>"show", :controller=>"movies"}):
    2: 
    3: %h1 Edit Existing Movie
    4: 
    5: = form_tag movie_path(@movie), :method => :put do
    6: 
    7:   = label :movie, :title, 'Title'
    8:   = text_field :movie, 'title'
  app/views/movies/edit.html.haml:5:in `_app_views_movies_edit_html_haml___25122597__637644288'
  app/controllers/movies_controller.rb:60:in `edit_by_title'

Rendered /usr/local/lib/ruby/gems/1.9.1/gems/actionpack-3.1.0/lib/action_dispatch/middleware/templates/rescues/routing_error.erb within rescues/layout (0.8ms)


Started GET "/movies/Aladdi/edit_by_title" for 127.0.0.1 at 2013-08-07 00:05:56 -0300
  Processing by MoviesController#edit_by_title as HTML
  Parameters: {"title"=>"Aladdi"}
  [1m[36mMovie Load (1.0ms)[0m  [1mSELECT "movies".* FROM "movies" WHERE "movies"."title" = 'Aladdi'[0m
Rendered movies/edit.html.haml within layouts/application (4.0ms)
Completed 500 Internal Server Error in 40ms

ActionView::Template::Error (No route matches {:action=>"show", :controller=>"movies"}):
    2: 
    3: %h1 Edit Existing Movie
    4: 
    5: = form_tag movie_path(@movie), :method => :put do
    6: 
    7:   = label :movie, :title, 'Title'
    8:   = text_field :movie, 'title'
  app/views/movies/edit.html.haml:5:in `_app_views_movies_edit_html_haml___25122597__637644288'
  app/controllers/movies_controller.rb:61:in `edit_by_title'

Rendered /usr/local/lib/ruby/gems/1.9.1/gems/actionpack-3.1.0/lib/action_dispatch/middleware/templates/rescues/routing_error.erb within rescues/layout (0.8ms)


Started GET "/movies/Aladdin/edit_by_title" for 127.0.0.1 at 2013-08-07 00:06:05 -0300
  Processing by MoviesController#edit_by_title as HTML
  Parameters: {"title"=>"Aladdin"}
  [1m[35mMovie Load (0.9ms)[0m  SELECT "movies".* FROM "movies" WHERE "movies"."title" = 'Aladdin'
Rendered movies/edit.html.haml within layouts/application (45.5ms)
Completed 200 OK in 109ms (Views: 99.5ms | ActiveRecord: 2.5ms)


Started GET "/assets/jquery_ujs.js?body=1" for 127.0.0.1 at 2013-08-07 00:06:06 -0300
Served asset /jquery_ujs.js - 304 Not Modified (0ms)


Started GET "/assets/application.js?body=1" for 127.0.0.1 at 2013-08-07 00:06:06 -0300
Served asset /application.js - 304 Not Modified (31ms)


Started GET "/assets/jquery.js?body=1" for 127.0.0.1 at 2013-08-07 00:06:06 -0300
Served asset /jquery.js - 304 Not Modified (0ms)


Started GET "/assets/application.css?body=1" for 127.0.0.1 at 2013-08-07 00:06:06 -0300
Served asset /application.css - 304 Not Modified (0ms)


Started GET "/movies/Aladdin/edit_by_title" for 127.0.0.1 at 2013-08-07 00:07:49 -0300
  Processing by MoviesController#edit_by_title as HTML
  Parameters: {"title"=>"Aladdin"}
  [1m[36mMovie Load (0.6ms)[0m  [1mSELECT "movies".* FROM "movies" WHERE "movies"."title" = 'Aladdin'[0m
Rendered movies/edit.html.haml within layouts/application (37.7ms)
Completed 200 OK in 85ms (Views: 79.3ms | ActiveRecord: 1.7ms)


Started GET "/assets/application.css?body=1" for 127.0.0.1 at 2013-08-07 00:07:50 -0300
Served asset /application.css - 304 Not Modified (0ms)


Started GET "/assets/jquery.js?body=1" for 127.0.0.1 at 2013-08-07 00:07:50 -0300
Served asset /jquery.js - 304 Not Modified (0ms)


Started GET "/assets/jquery_ujs.js?body=1" for 127.0.0.1 at 2013-08-07 00:07:50 -0300
Served asset /jquery_ujs.js - 304 Not Modified (0ms)


Started GET "/assets/application.js?body=1" for 127.0.0.1 at 2013-08-07 00:07:50 -0300
Served asset /application.js - 304 Not Modified (1ms)


Started GET "/movies/Aladdi/edit_by_title" for 127.0.0.1 at 2013-08-07 00:07:57 -0300
  Processing by MoviesController#edit_by_title as HTML
  Parameters: {"title"=>"Aladdi"}
  [1m[35mMovie Load (0.6ms)[0m  SELECT "movies".* FROM "movies" WHERE "movies"."title" = 'Aladdi'
Rendered movies/show.html.haml within layouts/application (36.0ms)
Completed 500 Internal Server Error in 90ms

ActionView::Template::Error (undefined method `title' for nil:NilClass):
    1: -# in app/views/movies/show.html.haml
    2: 
    3: %h2 Details about #{@movie.title}
    4: 
    5: %ul#details
    6:   %li
  app/views/movies/show.html.haml:3:in `_app_views_movies_show_html_haml___248592121__640661898'
  app/controllers/movies_controller.rb:63:in `edit_by_title'

Rendered /usr/local/lib/ruby/gems/1.9.1/gems/actionpack-3.1.0/lib/action_dispatch/middleware/templates/rescues/_trace.erb (1.9ms)
Rendered /usr/local/lib/ruby/gems/1.9.1/gems/actionpack-3.1.0/lib/action_dispatch/middleware/templates/rescues/_request_and_response.erb (18.0ms)
Rendered /usr/local/lib/ruby/gems/1.9.1/gems/actionpack-3.1.0/lib/action_dispatch/middleware/templates/rescues/template_error.erb within rescues/layout (54.1ms)


Started GET "/movies/Aladdi/edit_by_title" for 127.0.0.1 at 2013-08-07 00:13:03 -0300
  Processing by MoviesController#edit_by_title as HTML
  Parameters: {"title"=>"Aladdi"}
  [1m[36mMovie Load (0.6ms)[0m  [1mSELECT "movies".* FROM "movies" WHERE "movies"."title" = 'Aladdi'[0m
Rendered movies/edit.html.haml within layouts/application (21.7ms)
Completed 200 OK in 103ms (Views: 100.2ms | ActiveRecord: 1.2ms)


Started GET "/assets/application.css?body=1" for 127.0.0.1 at 2013-08-07 00:13:04 -0300
Served asset /application.css - 304 Not Modified (5ms)


Started GET "/assets/jquery.js?body=1" for 127.0.0.1 at 2013-08-07 00:13:04 -0300
Served asset /jquery.js - 304 Not Modified (4ms)


Started GET "/assets/jquery_ujs.js?body=1" for 127.0.0.1 at 2013-08-07 00:13:04 -0300
Served asset /jquery_ujs.js - 304 Not Modified (6ms)


Started GET "/assets/application.js?body=1" for 127.0.0.1 at 2013-08-07 00:13:04 -0300
Served asset /application.js - 304 Not Modified (0ms)


Started GET "/movies/Aladdi/edit_by_title" for 127.0.0.1 at 2013-08-07 00:13:35 -0300
  Processing by MoviesController#edit_by_title as HTML
  Parameters: {"title"=>"Aladdi"}
  [1m[35mMovie Load (1.0ms)[0m  SELECT "movies".* FROM "movies" WHERE "movies"."title" = 'Aladdi'
Rendered movies/edit.html.haml within layouts/application (11.2ms)
Completed 200 OK in 77ms (Views: 55.9ms | ActiveRecord: 11.0ms)


Started GET "/assets/application.css?body=1" for 127.0.0.1 at 2013-08-07 00:13:36 -0300
Served asset /application.css - 304 Not Modified (0ms)


Started GET "/assets/jquery.js?body=1" for 127.0.0.1 at 2013-08-07 00:13:36 -0300
Served asset /jquery.js - 304 Not Modified (0ms)


Started GET "/assets/jquery_ujs.js?body=1" for 127.0.0.1 at 2013-08-07 00:13:36 -0300
Served asset /jquery_ujs.js - 304 Not Modified (0ms)


Started GET "/assets/application.js?body=1" for 127.0.0.1 at 2013-08-07 00:13:36 -0300
Served asset /application.js - 304 Not Modified (14ms)


Started GET "/movies/Aladdin/edit_by_title" for 127.0.0.1 at 2013-08-07 00:13:50 -0300
  Processing by MoviesController#edit_by_title as HTML
  Parameters: {"title"=>"Aladdin"}
  [1m[36mMovie Load (12.8ms)[0m  [1mSELECT "movies".* FROM "movies" WHERE "movies"."title" = 'Aladdin'[0m
Rendered movies/edit.html.haml within layouts/application (99.7ms)
Completed 200 OK in 155ms (Views: 138.3ms | ActiveRecord: 14.6ms)


Started GET "/assets/application.css?body=1" for 127.0.0.1 at 2013-08-07 00:13:51 -0300
Served asset /application.css - 304 Not Modified (6ms)


Started GET "/assets/jquery.js?body=1" for 127.0.0.1 at 2013-08-07 00:13:51 -0300
Served asset /jquery.js - 304 Not Modified (11ms)


Started GET "/assets/jquery_ujs.js?body=1" for 127.0.0.1 at 2013-08-07 00:13:51 -0300
Served asset /jquery_ujs.js - 304 Not Modified (0ms)


Started GET "/assets/application.js?body=1" for 127.0.0.1 at 2013-08-07 00:13:51 -0300
Served asset /application.js - 304 Not Modified (0ms)


Started GET "/movies/Aladdin/edit_by_title" for 127.0.0.1 at 2013-08-07 00:14:53 -0300
  Processing by MoviesController#edit_by_title as HTML
  Parameters: {"title"=>"Aladdin"}
  [1m[35mMovie Load (0.6ms)[0m  SELECT "movies".* FROM "movies" WHERE "movies"."title" = 'Aladdin'
Rendered movies/edit.html.haml within layouts/application (41.6ms)
Completed 200 OK in 95ms (Views: 87.1ms | ActiveRecord: 2.1ms)


Started GET "/assets/application.css?body=1" for 127.0.0.1 at 2013-08-07 00:14:54 -0300
Served asset /application.css - 304 Not Modified (0ms)


Started GET "/assets/jquery_ujs.js?body=1" for 127.0.0.1 at 2013-08-07 00:14:54 -0300
Served asset /jquery_ujs.js - 304 Not Modified (6ms)


Started GET "/assets/application.js?body=1" for 127.0.0.1 at 2013-08-07 00:14:54 -0300
Served asset /application.js - 304 Not Modified (7ms)


Started GET "/assets/jquery.js?body=1" for 127.0.0.1 at 2013-08-07 00:14:54 -0300
Served asset /jquery.js - 304 Not Modified (0ms)


Started GET "/movies/Aladdi/edit_by_title" for 127.0.0.1 at 2013-08-07 00:15:01 -0300
  Processing by MoviesController#edit_by_title as HTML
  Parameters: {"title"=>"Aladdi"}
  [1m[36mMovie Load (0.6ms)[0m  [1mSELECT "movies".* FROM "movies" WHERE "movies"."title" = 'Aladdi'[0m
Rendered movies/edit.html.haml within layouts/application (0.2ms)
Completed 200 OK in 59ms (Views: 41.2ms | ActiveRecord: 10.3ms)


Started GET "/assets/application.css?body=1" for 127.0.0.1 at 2013-08-07 00:15:01 -0300
Served asset /application.css - 304 Not Modified (0ms)


Started GET "/assets/jquery.js?body=1" for 127.0.0.1 at 2013-08-07 00:15:01 -0300
Served asset /jquery.js - 304 Not Modified (0ms)


Started GET "/assets/jquery_ujs.js?body=1" for 127.0.0.1 at 2013-08-07 00:15:01 -0300
Served asset /jquery_ujs.js - 304 Not Modified (1ms)


Started GET "/assets/application.js?body=1" for 127.0.0.1 at 2013-08-07 00:15:01 -0300
Served asset /application.js - 304 Not Modified (4ms)


Started GET "/movies/Aladdin/edit_by_title" for 127.0.0.1 at 2013-08-07 00:15:09 -0300
  Processing by MoviesController#edit_by_title as HTML
  Parameters: {"title"=>"Aladdin"}
  [1m[35mMovie Load (0.6ms)[0m  SELECT "movies".* FROM "movies" WHERE "movies"."title" = 'Aladdin'
Rendered movies/edit.html.haml within layouts/application (269.4ms)
Completed 200 OK in 325ms (Views: 315.8ms | ActiveRecord: 1.8ms)


Started GET "/assets/jquery.js?body=1" for 127.0.0.1 at 2013-08-07 00:15:10 -0300
Served asset /jquery.js - 304 Not Modified (0ms)


Started GET "/assets/application.css?body=1" for 127.0.0.1 at 2013-08-07 00:15:10 -0300
Served asset /application.css - 304 Not Modified (0ms)


Started GET "/assets/jquery_ujs.js?body=1" for 127.0.0.1 at 2013-08-07 00:15:10 -0300
Served asset /jquery_ujs.js - 304 Not Modified (0ms)


Started GET "/assets/application.js?body=1" for 127.0.0.1 at 2013-08-07 00:15:10 -0300
Served asset /application.js - 304 Not Modified (1ms)
